
================================================================
======== txAdmin Starting - 02.04.2022, 20:22:24                
================================================================

================================================================
======== Log Rotated - 02.04.2022, 20:22:25                     
================================================================
[20:23:38] [Yourgen] logged in from 127.0.0.1 via citizenfx
[20:33:11] [Yourgen] logged in via in-game ui
[20:45:33] [Yourgen] logged in via in-game ui
[20:45:57] [Yourgen] restart id-user
[20:46:05] [Yourgen] restart user-id
[20:46:13] [Yourgen] restart id_user
[20:49:20] [Yourgen] logged in via in-game ui
[20:54:28] [Yourgen] restart id-user
[20:54:34] [Yourgen] restart id_user
[20:55:07] [Yourgen] restart id_user
[20:57:50] [Yourgen] logged in via in-game ui
[21:22:20] [Yourgen] logged in via in-game ui
[21:29:04] [Yourgen] restart id_user
[21:32:09] [Yourgen] logged in via in-game ui
[21:53:08] [Yourgen] restart id_user
[21:59:51] [Yourgen] restart id_user
[22:04:01] [Yourgen] logged in via in-game ui
[22:26:27] [Yourgen] restart id_user
[22:30:42] [Yourgen] logged in via in-game ui
[22:39:14] [Yourgen] restart id_user
[22:43:22] [Yourgen] restart id_user
[22:46:10] [Yourgen] logged in via in-game ui
[22:48:35] [Yourgen] restart id_user
[22:54:14] [Yourgen] restart id_user
[22:54:37] [Yourgen] logged in via in-game ui
[22:55:59] [Yourgen] restart id_user
[22:56:18] [Yourgen] restart id_user
[22:56:29] [Yourgen] restart id_user
[22:56:48] [Yourgen] restart id_user
[22:59:04] [Yourgen] restart id_user
[22:59:20] [Yourgen] restart id_user
[23:04:54] [Yourgen] restart id_user
[23:05:56] [Yourgen] restart id_user
[23:08:13] [Yourgen] logged in via in-game ui
[23:09:56] [Yourgen] restart id_user
[23:11:44] [Yourgen] restart id_user
[23:11:56] [Yourgen] restart id_user
[23:13:21] [Yourgen] logged in via in-game ui
[23:16:08] [Yourgen] restart id_user
[23:17:09] [Yourgen] restart id_user
[23:18:02] [Yourgen] restart id_user
[23:18:59] [Yourgen] logged in via in-game ui
[23:23:13] [Yourgen] restart id_user
[23:26:43] [Yourgen] logged in via in-game ui
[23:27:16] [Yourgen] restart id_user
[23:27:18] [Yourgen] restart id_user
[23:31:03] [Yourgen] logged in via in-game ui
