
================================================================
======== txAdmin Starting - 15.01.2022, 11:58:26                
================================================================

================================================================
======== Log Rotated - 15.01.2022, 11:58:27                     
================================================================
[12:01:05] [Yourgen] logged in from 127.0.0.1 via citizenfx
[12:01:50] [Yourgen] ensure "redm-map-one"

================================================================
======== txAdmin Starting - 15.01.2022, 12:13:29                
================================================================
[12:13:58] [Yourgen] logged in from 127.0.0.1 via citizenfx
[12:14:25] [Yourgen] Editing server CFG File.
[12:15:33] [Yourgen] ensure "chat"
[12:20:11] [Yourgen] STOP SERVER

================================================================
======== txAdmin Starting - 15.01.2022, 12:30:40                
================================================================
[12:32:50] [Yourgen] logged in from 127.0.0.1 via citizenfx
[12:33:19] [Yourgen] ensure "chat"
[12:34:48] [Yourgen] logged in via in-game ui
[12:36:17] [Yourgen] logged in from via NUI iframe
[13:01:21] [Yourgen] Changing global settings.
