
================================================================
======== Log Rotated - 04.04.2022, 19:20:55                     
================================================================

================================================================
======== FXServer Starting - 04.04.2022, 19:21:02               
================================================================
[    c-scripting-core] Creating script environments for _cfx_internal
[ citizen-server-impl] Scanning resources.
[    c-resources-core] Resource loading for mymode failed:
[    c-resources-core] Could not open resource metadata file - no such file.
[ citizen-server-impl] Found 32 resources.
[          svadhesive] Authenticating server license key...
[          svadhesive] Server license key authentication succeeded. Welcome!
[    c-scripting-core] Creating script environments for yarn
[ citizen-server-impl] Started resource yarn
[    c-scripting-core] Creating script environments for sessionmanager-rdr3
[ citizen-server-impl] Started resource sessionmanager-rdr3
[    c-scripting-core] Creating script environments for monitor
[      script:monitor] [txAdminClient] Version 4.11.0 starting...
[ citizen-server-impl] Started resource monitor
[ citizen-server-impl] Started resource spawnmanager
[    c-scripting-core] Creating script environments for mapmanager
[ citizen-server-impl] Started resource mapmanager
[   script:mapmanager] Started gametype Freeroam
[ citizen-server-impl] Started resource basic-gamemode
[    c-scripting-core] Creating script environments for mysql-async
[ citizen-server-impl] Started resource mysql-async
[    c-scripting-core] Creating script environments for id_user
[ citizen-server-impl] Started resource id_user
[    c-scripting-core] Creating script environments for chatRP
[ citizen-server-impl] Started resource chatRP
[      script:monitor] [txAdminClient] Threads and commands set up. All Ready.
[   script:mapmanager] Started map redm-map-one
[ citizen-server-impl] Started resource redm-map-one
[  script:mysql-async] [32m[mysql-async] [SUCCESS] Database server connection established.
[ citizen-server-impl]         fff                          
[ citizen-server-impl]   cccc ff   xx  xx     rr rr    eee  
[ citizen-server-impl] cc     ffff   xx       rrr  r ee   e 
[ citizen-server-impl] cc     ff     xx   ... rr     eeeee  
[ citizen-server-impl]  ccccc ff   xx  xx ... rr      eeeee 
[ citizen-server-impl]                                      
[ citizen-server-impl] Authenticated with cfx.re Nucleus: https://danilakn-758b7a.users.cfx.re/
[ citizen-server-impl] -- [server notice: hostname_rework]
[ citizen-server-impl] You don't have sv_projectName/sv_projectDesc set.
[ citizen-server-impl] These variables augment sv_hostname and fix your server name being cut off in the server list.
[ citizen-server-impl] Use `sets sv_projectName ..` and `sets sv_projectDesc ..` to set them.
[ citizen-server-impl] 
[ citizen-server-impl] -- [server notice: tebex_not_set]
[ citizen-server-impl] ================
[ citizen-server-impl] Monetize your server using Tebex! Visit https://tebex.io/fivem for more info.
[ citizen-server-impl] ================
[ citizen-server-impl] 
> txaEvent "adminsUpdated" "[]"
[ citizen-server-impl] Server list query returned an error: System.Threading.Tasks.TaskCanceledException: The operation was canceled. <- System.TimeoutException: The operation was canceled. <- System.Threading.Tasks.TaskCanceledException: The request was canceled due to the configured HttpClient.Timeout of 30 seconds elapsing.
[ citizen-server-impl] Server list query returned an error: System.Threading.Tasks.TaskCanceledException: The operation was canceled. <- System.TimeoutException: The operation was canceled. <- System.Threading.Tasks.TaskCanceledException: The request was canceled due to the configured HttpClient.Timeout of 30 seconds elapsing.
[ citizen-server-impl] Server list query returned an error: System.Threading.Tasks.TaskCanceledException: The operation was canceled. <- System.TimeoutException: The operation was canceled. <- System.Threading.Tasks.TaskCanceledException: The request was canceled due to the configured HttpClient.Timeout of 30 seconds elapsing.
[ citizen-server-impl] Server list query returned an error: System.Threading.Tasks.TaskCanceledException: The operation was canceled. <- System.TimeoutException: The operation was canceled. <- System.Threading.Tasks.TaskCanceledException: The request was canceled due to the configured HttpClient.Timeout of 30 seconds elapsing.
[ citizen-server-impl] A client has tried to authenticate using Steam, but `steam_webApiKey` is unset. Please set steam_webApiKey to a Steam Web API key as registered on Valve's https://steamcommunity.com/dev/apikey web page. Steam identifier information will be unavailable otherwise.
[ citizen-server-impl] To suppress this message, `set steam_webApiKey "none"`.
[      script:id_user] fivem:3653355
[      script:id_user] nil	nil
[      script:id_user] 1
[ citizen-server-impl] Server list query returned an error: System.Threading.Tasks.TaskCanceledException: The operation was canceled. <- System.TimeoutException: The operation was canceled. <- System.Threading.Tasks.TaskCanceledException: The request was canceled due to the configured HttpClient.Timeout of 30 seconds elapsing.
[ citizen-server-impl] Server list query returned an error: System.Threading.Tasks.TaskCanceledException: The operation was canceled. <- System.TimeoutException: The operation was canceled. <- System.Threading.Tasks.TaskCanceledException: The request was canceled due to the configured HttpClient.Timeout of 30 seconds elapsing.
[ citizen-server-impl] Server list query returned an error: System.Threading.Tasks.TaskCanceledException: The operation was canceled. <- System.TimeoutException: The operation was canceled. <- System.Threading.Tasks.TaskCanceledException: The request was canceled due to the configured HttpClient.Timeout of 30 seconds elapsing.
[ citizen-server-impl] Server list query returned an error: System.Threading.Tasks.TaskCanceledException: The operation was canceled. <- System.TimeoutException: The operation was canceled. <- System.Threading.Tasks.TaskCanceledException: The request was canceled due to the configured HttpClient.Timeout of 30 seconds elapsing.
[ citizen-server-impl] Server list query returned an error: System.Threading.Tasks.TaskCanceledException: The operation was canceled. <- System.TimeoutException: The operation was canceled. <- System.Threading.Tasks.TaskCanceledException: The request was canceled due to the configured HttpClient.Timeout of 30 seconds elapsing.
> restart id_user
[ citizen-server-impl] Stopping resource id_user
[    c-scripting-core] Creating script environments for id_user
[ citizen-server-impl] Started resource id_user
[ citizen-server-impl] Server list query returned an error: System.Threading.Tasks.TaskCanceledException: The operation was canceled. <- System.TimeoutException: The operation was canceled. <- System.Threading.Tasks.TaskCanceledException: The request was canceled due to the configured HttpClient.Timeout of 30 seconds elapsing.
[ citizen-server-impl] A client has tried to authenticate using Steam, but `steam_webApiKey` is unset. Please set steam_webApiKey to a Steam Web API key as registered on Valve's https://steamcommunity.com/dev/apikey web page. Steam identifier information will be unavailable otherwise.
[ citizen-server-impl] To suppress this message, `set steam_webApiKey "none"`.
[      script:id_user] fivem:3653355
[38;5;193m[      script:id_user] nil	nil
[      script:id_user] 1
[ citizen-server-impl] Server list query returned an error: System.Threading.Tasks.TaskCanceledException: The operation was canceled. <- System.TimeoutException: The operation was canceled. <- System.Threading.Tasks.TaskCanceledException: The request was canceled due to the configured HttpClient.Timeout of 30 seconds elapsing.
[ citizen-server-impl] Server list query returned an error: System.Threading.Tasks.TaskCanceledException: The operation was canceled. <- System.TimeoutException: The operation was canceled. <- System.Threading.Tasks.TaskCanceledException: The request was canceled due to the configured HttpClient.Timeout of 30 seconds elapsing.
[ citizen-server-impl] Server list query returned an error: System.Threading.Tasks.TaskCanceledException: The operation was canceled. <- System.TimeoutException: The operation was canceled. <- System.Threading.Tasks.TaskCanceledException: The request was canceled due to the configured HttpClient.Timeout of 30 seconds elapsing.
[ citizen-server-impl] Server list query returned an error: System.Threading.Tasks.TaskCanceledException: The operation was canceled. <- System.TimeoutException: The operation was canceled. <- System.Threading.Tasks.TaskCanceledException: The request was canceled due to the configured HttpClient.Timeout of 30 seconds elapsing.
[ citizen-server-impl] Server list query returned an error: System.Threading.Tasks.TaskCanceledException: The operation was canceled. <- System.TimeoutException: The operation was canceled. <- System.Threading.Tasks.TaskCanceledException: The request was canceled due to the configured HttpClient.Timeout of 30 seconds elapsing.
> txaReportResources
[      script:monitor] [txAdminClient] Sending resources list to txAdmin.
> ensure "sessionmanager"
[           resources] Warning: Resource sessionmanager does not support the current game (rdr3).
[           resources] [0mCouldn't start resource sessionmanager.
> txaReportResources
[      script:monitor] [txAdminClient] Sending resources list to txAdmin.
[ citizen-server-impl] Server list query returned an error: System.Threading.Tasks.TaskCanceledException: The operation was canceled. <- System.TimeoutException: The operation was canceled. <- System.Threading.Tasks.TaskCanceledException: The request was canceled due to the configured HttpClient.Timeout of 30 seconds elapsing.
> ensure "webpack"
[    c-scripting-core] Creating script environments for webpack
[ citizen-server-impl] Started resource webpack
[ citizen-server-impl] server thread hitch warning: timer interval of 296 milliseconds
> txaReportResources
[      script:monitor] [txAdminClient] Sending resources list to txAdmin.
> ensure "id_user"
[ citizen-server-impl] Stopping resource id_user
[    c-scripting-core] Creating script environments for id_user
[ citizen-server-impl] Started resource id_user
> txaReportResources
[      script:monitor] [txAdminClient] Sending resources list to txAdmin.
> ensure "id_user"
[ citizen-server-impl] Stopping resource id_user
[    c-scripting-core] Creating script environments for id_user
[ citizen-server-impl] Started resource id_user
> txaReportResources
[      script:monitor] [txAdminClient] Sending resources list to txAdmin.
[ citizen-server-impl] Server list query returned an error: System.Threading.Tasks.TaskCanceledException: The operation was canceled. <- System.TimeoutException: The operation was canceled. <- System.Threading.Tasks.TaskCanceledException: The request was canceled due to the configured HttpClient.Timeout of 30 seconds elapsing.
[ citizen-server-impl] A client has tried to authenticate using Steam, but `steam_webApiKey` is unset. Please set steam_webApiKey to a Steam Web API key as registered on Valve's https://steamcommunity.com/dev/apikey web page. Steam identifier information will be unavailable otherwise.
[ citizen-server-impl] To suppress this message, `set steam_webApiKey "none"`.
[      script:id_user] fivem:3653355
[      script:id_user] nil	nil
[      script:id_user] 1
[ citizen-server-impl] Server list query returned an error: System.Threading.Tasks.TaskCanceledException: The operation was canceled. <- System.TimeoutException: The operation was canceled. <- System.Threading.Tasks.TaskCanceledException: The request was canceled due to the configured HttpClient.Timeout of 30 seconds elapsing.
> restart id_user
[ citizen-server-impl] Stopping resource id_user
[    c-scripting-core] Creating script environments for id_user
[ citizen-server-impl] Started resource id_user
> txaReportResources
[      script:monitor] [txAdminClient] Sending resources list to txAdmin.
> ensure "chat"
[ citizen-server-impl] Running build tasks on resource chat - it'll restart once completed.
> txaReportResources
> txaReportResources
> txaReportResources
[      script:webpack] chat: started building webpack.config.js
[ citizen-server-impl] Couldn't start resource chat.
[ citizen-server-impl] server thread hitch warning: timer interval of 14424 milliseconds
[      script:monitor] [txAdminClient] Sending resources list to txAdmin.
[      script:monitor] [txAdminClient] Sending resources list to txAdmin.
[ citizen-server-impl] Server list query returned an error: System.Threading.Tasks.TaskCanceledException: The operation was canceled. <- System.TimeoutException: The operation was canceled. <- System.Threading.Tasks.TaskCanceledException: The request was canceled due to the configured HttpClient.Timeout of 30 seconds elapsing.
[      script:monitor] [txAdminClient] Sending resources list to txAdmin.
> txaReportResources
[      script:monitor] [txAdminClient] Sending resources list to txAdmin.
> ensure "chat"
[ citizen-server-impl] Running build tasks on resource chat - it'll restart once completed.
[      script:webpack] webpack is busy: we are waiting to compile chat (webpack.config.js)
[ citizen-server-impl] Couldn't start resource chat.
> txaReportResources
[      script:monitor] [txAdminClient] Sending resources list to txAdmin.
[      script:webpack] webpack is busy: we are waiting to compile chat (webpack.config.js)
> stop "webpack"
[ citizen-server-impl] Stopping resource webpack
> txaReportResources
[      script:monitor] [txAdminClient] Sending resources list to txAdmin.
> ensure "chat"
[    c-scripting-core] Creating script environments for webpack
[ citizen-server-impl] Started resource webpack
[ citizen-server-impl] Running build tasks on resource chat - it'll restart once completed.
> txaReportResources
[      script:webpack] chat: started building webpack.config.js
[ citizen-server-impl] Couldn't start resource chat.
[ citizen-server-impl] server thread hitch warning: timer interval of 1727 milliseconds
[      script:monitor] [txAdminClient] Sending resources list to txAdmin.
node:events:371
      throw er; // Unhandled 'error' event
      ^

Error [ERR_IPC_CHANNEL_CLOSED]: Channel closed
    at new NodeError (node:internal/errors:371:5)
    at process.target.send (node:internal/child_process:721:16)
    at callback (E:\Projects\RedMServer\WestRP\server-data\resources\[system]\[builders]\webpack\node_modules\worker-farm\lib\child\index.js:32:17)
    at E:\Projects\RedMServer\WestRP\server-data\resources\[system]\[builders]\webpack\webpack_runner.js:73:3
    at finalCallback (E:\Projects\RedMServer\WestRP\server-data\resources\[system]\[builders]\webpack\node_modules\webpack\lib\Compiler.js:257:39)
    at E:\Projects\RedMServer\WestRP\server-data\resources\[system]\[builders]\webpack\node_modules\webpack\lib\Compiler.js:306:14
    at AsyncSeriesHook.eval [as callAsync] (eval at create (E:\Projects\RedMServer\WestRP\server-data\resources\[system]\[builders]\webpack\node_modules\tapable\lib\HookCodeFactory.js:33:10), <anonymous>:15:1)
    at AsyncSeriesHook.lazyCompileHook (E:\Projects\RedMServer\WestRP\server-data\resources\[system]\[builders]\webpack\node_modules\tapable\lib\Hook.js:154:20)
    at E:\Projects\RedMServer\WestRP\server-data\resources\[system]\[builders]\webpack\node_modules\webpack\lib\Compiler.js:304:22
    at Compiler.emitRecords (E:\Projects\RedMServer\WestRP\server-data\resources\[system]\[builders]\webpack\node_modules\webpack\lib\Compiler.js:499:39)
    at E:\Projects\RedMServer\WestRP\server-data\resources\[system]\[builders]\webpack\node_modules\webpack\lib\Compiler.js:298:10
    at E:\Projects\RedMServer\WestRP\server-data\resources\[system]\[builders]\webpack\node_modules\webpack\lib\Compiler.js:485:14
    at _next0 (eval at create (E:\Projects\RedMServer\WestRP\server-data\resources\[system]\[builders]\webpack\node_modules\tapable\lib\HookCodeFactory.js:33:10), <anonymous>:16:1)
    at eval (eval at create (E:\Projects\RedMServer\WestRP\server-data\resources\[system]\[builders]\webpack\node_modules\tapable\lib\HookCodeFactory.js:33:10), <anonymous>:24:1)
    at E:\Projects\RedMServer\WestRP\server-data\resources\[gameplay]\chat\node_modules\copy-webpack-plugin\dist\index.js:115:7
    at AsyncSeriesHook.eval [as callAsync] (eval at create (E:\Projects\RedMServer\WestRP\server-data\resources\[system]\[builders]\webpack\node_modules\tapable\lib\HookCodeFactory.js:33:10), <anonymous>:20:1)
    at AsyncSeriesHook.lazyCompileHook (E:\Projects\RedMServer\WestRP\server-data\resources\[system]\[builders]\webpack\node_modules\tapable\lib\Hook.js:154:20)
    at E:\Projects\RedMServer\WestRP\server-data\resources\[system]\[builders]\webpack\node_modules\webpack\lib\Compiler.js:482:27
    at E:\Projects\RedMServer\WestRP\server-data\resources\[system]\[builders]\webpack\node_modules\neo-async\async.js:2818:7
    at done (E:\Projects\RedMServer\WestRP\server-data\resources\[system]\[builders]\webpack\node_modules\neo-async\async.js:3522:9)
    at AsyncSeriesHook.eval [as callAsync] (eval at create (E:\Projects\RedMServer\WestRP\server-data\resources\[system]\[builders]\webpack\node_modules\tapable\lib\HookCodeFactory.js:33:10), <anonymous>:6:1)
    at E:\Projects\RedMServer\WestRP\server-data\resources\[system]\[builders]\webpack\node_modules\webpack\lib\Compiler.js:464:33
Emitted 'error' event on process instance at:
    at node:internal/child_process:725:35
    at processTicksAndRejections (node:internal/process/task_queues:78:11) {
  code: 'ERR_IPC_CHANNEL_CLOSED'
}
[      script:webpack] [97mchat: built webpack.config.js
[ citizen-server-impl] Build tasks completed - starting resource chat.
[    c-scripting-core] Creating script environments for chat
[ citizen-server-impl] Started resource chat
[ citizen-server-impl] server thread hitch warning: timer interval of 437 milliseconds
> stop "webpack"
[ citizen-server-impl] Stopping resource chat
[ citizen-server-impl] Stopping resource webpack
> txaReportResources
[      script:monitor] [txAdminClient] Sending resources list to txAdmin.
> quit "Server restarting (Yourgen)."
[ citizen-server-main] -> Quitting: Server restarting (Yourgen).

================================================================
======== FXServer Starting - 04.04.2022, 20:12:43               
================================================================
[    c-scripting-core] Creating script environments for _cfx_internal
[ citizen-server-impl] Scanning resources.
[    c-resources-core] Resource loading for mymode failed:
[    c-resources-core] Could not open resource metadata file - no such file.
[ citizen-server-impl] Found 32 resources.
[          svadhesive] Authenticating server license key...
[          svadhesive] Server license key authentication succeeded. Welcome!
[    c-scripting-core] Creating script environments for yarn
[ citizen-server-impl] Started resource yarn
[    c-scripting-core] Creating script environments for sessionmanager-rdr3
[ citizen-server-impl] Started resource sessionmanager-rdr3
[    c-scripting-core] Creating script environments for monitor
[      script:monitor] [txAdminClient] Version 4.11.0 starting...
[ citizen-server-impl] Started resource monitor
[ citizen-server-impl] Started resource spawnmanager
[    c-scripting-core] Creating script environments for mapmanager
[ citizen-server-impl] Started resource mapmanager
[   script:mapmanager] Started gametype Freeroam
[ citizen-server-impl] Started resource basic-gamemode
[    c-scripting-core] Creating script environments for mysql-async
[ citizen-server-impl] Started resource mysql-async
[    c-scripting-core] Creating script environments for id_user
[ citizen-server-impl] Started resource id_user
[    c-scripting-core] Creating script environments for chatRP
[ citizen-server-impl] Started resource chatRP
[  script:mysql-async] [mysql-async] [SUCCESS] Database server connection established.
[      script:monitor] [txAdminClient] Threads and commands set up. All Ready.
[   script:mapmanager] Started map redm-map-one
[ citizen-server-impl] Started resource redm-map-one
[ citizen-server-impl]         fff                          
[ citizen-server-impl]   cccc ff   xx  xx     rr rr    eee  
[ citizen-server-impl] cc     ffff   xx       rrr  r ee   e 
[ citizen-server-impl] cc     ff     xx   ... rr     eeeee  
[ citizen-server-impl]  ccccc ff   xx  xx ... rr      eeeee 
[ citizen-server-impl]                                      
[ citizen-server-impl] Authenticated with cfx.re Nucleus: https://danilakn-758b7a.users.cfx.re/
[ citizen-server-impl] -- [server notice: hostname_rework]
[ citizen-server-impl] You don't have sv_projectName/sv_projectDesc set.
[ citizen-server-impl] These variables augment sv_hostname and fix your server name being cut off in the server list.
[ citizen-server-impl] Use `sets sv_projectName ..` and `sets sv_projectDesc ..` to set them.
[38;5;73m[ citizen-server-impl] 
[ citizen-server-impl] -- [server notice: tebex_not_set]
[ citizen-server-impl] ================
[ citizen-server-impl] Monetize your server using Tebex! Visit https://tebex.io/fivem for more info.
[ citizen-server-impl] ================
[ citizen-server-impl] 
> txaReportResources
[      script:monitor] [txAdminClient] Sending resources list to txAdmin.
> ensure "chat"
[    c-scripting-core] Creating script environments for webpack
[ citizen-server-impl] [97mStarted resource webpack
[    c-scripting-core] Creating script environments for chat
[ citizen-server-impl] Started resource chat
> txaReportResources
[      script:monitor] [txAdminClient] Sending resources list to txAdmin.
> ensure "id_user"
[ citizen-server-impl] Stopping resource id_user
[    c-scripting-core] Creating script environments for id_user
[ citizen-server-impl] Started resource id_user
> txaReportResources
[      script:monitor] [txAdminClient] Sending resources list to txAdmin.
> ensure "id_user"
[ citizen-server-impl] Stopping resource id_user
[    c-scripting-core] Creating script environments for id_user
[ citizen-server-impl] Started resource id_user
[ citizen-server-impl] server thread hitch warning: timer interval of 1191 milliseconds
> txaReportResources
[      script:monitor] [txAdminClient] Sending resources list to txAdmin.
[ citizen-server-impl] Server list query returned an error: System.Threading.Tasks.TaskCanceledException: The operation was canceled. <- System.TimeoutException: The operation was canceled. <- System.Threading.Tasks.TaskCanceledException: The request was canceled due to the configured HttpClient.Timeout of 30 seconds elapsing.
> ensure "id_user"
[38;5;73m[ citizen-server-impl] Stopping resource id_user
[    c-scripting-core] Creating script environments for id_user
[ citizen-server-impl] Started resource id_user
> txaReportResources
[      script:monitor] [txAdminClient] Sending resources list to txAdmin.
[ citizen-server-impl] A client has tried to authenticate using Steam, but `steam_webApiKey` is unset. Please set steam_webApiKey to a Steam Web API key as registered on Valve's https://steamcommunity.com/dev/apikey web page. Steam identifier information will be unavailable otherwise.
[ citizen-server-impl] To suppress this message, `set steam_webApiKey "none"`.
[      script:id_user] [0mfivem:3653355
[      script:id_user] nil	nil
[      script:id_user] 1
[ citizen-server-impl] Server list query returned an error: System.Threading.Tasks.TaskCanceledException: The operation was canceled. <- System.TimeoutException: The operation was canceled. <- System.Threading.Tasks.TaskCanceledException: The request was canceled due to the configured HttpClient.Timeout of 30 seconds elapsing.
[       script:chatRP] 1
> ensure "chatRP"
[ citizen-server-impl] Stopping resource chatRP
[    c-scripting-core] Creating script environments for chatRP
[ citizen-server-impl] Started resource chatRP
[38;5;73m[ citizen-server-impl] server thread hitch warning: timer interval of 200 milliseconds
> txaReportResources
[      script:monitor] [txAdminClient] Sending resources list to txAdmin.
[       script:chatRP] 1
[ citizen-server-impl] Server list query returned an error: System.Threading.Tasks.TaskCanceledException: The operation was canceled. <- System.TimeoutException: The operation was canceled. <- System.Threading.Tasks.TaskCanceledException: The request was canceled due to the configured HttpClient.Timeout of 30 seconds elapsing.
> ensure "chatRP"
[ citizen-server-impl] Stopping resource chatRP
[    c-scripting-core] [0mCreating script environments for chatRP
[ citizen-server-impl] Started resource chatRP
> txaReportResources
[      script:monitor] [txAdminClient] Sending resources list to txAdmin.
[       script:chatRP] 1
[ citizen-server-impl] Server list query returned an error: System.Threading.Tasks.TaskCanceledException: The operation was canceled. <- System.TimeoutException: The operation was canceled. <- System.Threading.Tasks.TaskCanceledException: The request was canceled due to the configured HttpClient.Timeout of 30 seconds elapsing.
[ citizen-server-impl] Server list query returned an error: System.Threading.Tasks.TaskCanceledException: The operation was canceled. <- System.TimeoutException: The operation was canceled. <- System.Threading.Tasks.TaskCanceledException: The request was canceled due to the configured HttpClient.Timeout of 30 seconds elapsing.
> ensure "chatRP"
[ citizen-server-impl] Stopping resource chatRP
[    c-scripting-core] Creating script environments for chatRP
[ citizen-server-impl] Started resource chatRP
> txaReportResources
[      script:monitor] [txAdminClient] Sending resources list to txAdmin.
[       script:chatRP] 1
[ citizen-server-impl] Server list query returned an error: System.Threading.Tasks.TaskCanceledException: The operation was canceled. <- System.TimeoutException: The operation was canceled. <- System.Threading.Tasks.TaskCanceledException: The request was canceled due to the configured HttpClient.Timeout of 30 seconds elapsing.
[ citizen-server-impl] Server list query returned an error: System.Threading.Tasks.TaskCanceledException: The operation was canceled. <- System.TimeoutException: The operation was canceled. <- System.Threading.Tasks.TaskCanceledException: The request was canceled due to the configured HttpClient.Timeout of 30 seconds elapsing.
> ensure "chatRP"
[ citizen-server-impl] Stopping resource chatRP
[    c-scripting-core] Creating script environments for chatRP
[38;5;73m[ citizen-server-impl] Started resource chatRP
> restart cahtRP
[ citizen-server-impl] Couldn't find resource cahtRP.
> restart chatRP
[ citizen-server-impl] Stopping resource chatRP
[38;5;161m[    c-scripting-core] Creating script environments for chatRP
[ citizen-server-impl] Started resource chatRP
[ citizen-server-impl] Server list query returned an error: System.Threading.Tasks.TaskCanceledException: The operation was canceled. <- System.TimeoutException: The operation was canceled. <- System.Threading.Tasks.TaskCanceledException: The request was canceled due to the configured HttpClient.Timeout of 30 seconds elapsing.
[         script:chat] Yourgen: kxcjklxhvclo
> restart chatRP
[ citizen-server-impl] Stopping resource chatRP
[    c-scripting-core] Creating script environments for chatRP
[ citizen-server-impl] Started resource chatRP
[ citizen-server-impl] Server list query returned an error: System.Threading.Tasks.TaskCanceledException: The operation was canceled. <- System.TimeoutException: The operation was canceled. <- System.Threading.Tasks.TaskCanceledException: The request was canceled due to the configured HttpClient.Timeout of 30 seconds elapsing.
> restart chatRP
[ citizen-server-impl] Stopping resource chatRP
[    c-scripting-core] Creating script environments for chatRP
[ citizen-server-impl] Started resource chatRP
[ citizen-server-impl] Server list query returned an error: System.Threading.Tasks.TaskCanceledException: The operation was canceled. <- System.TimeoutException: The operation was canceled. <- System.Threading.Tasks.TaskCanceledException: The request was canceled due to the configured HttpClient.Timeout of 30 seconds elapsing.
> restart id_user
[ citizen-server-impl] Stopping resource id_user
[38;5;161m[    c-scripting-core] Creating script environments for id_user
[ citizen-server-impl] Started resource id_user
[ citizen-server-impl] server thread hitch warning: timer interval of 264 milliseconds
[ citizen-server-impl] Server list query returned an error: System.Threading.Tasks.TaskCanceledException: The operation was canceled. <- System.TimeoutException: The operation was canceled. <- System.Threading.Tasks.TaskCanceledException: The request was canceled due to the configured HttpClient.Timeout of 30 seconds elapsing.
[ citizen-server-impl] Server list query returned an error: System.Threading.Tasks.TaskCanceledException: The operation was canceled. <- System.TimeoutException: The operation was canceled. <- System.Threading.Tasks.TaskCanceledException: The request was canceled due to the configured HttpClient.Timeout of 30 seconds elapsing.
[ citizen-server-impl] Server list query returned an error: System.Threading.Tasks.TaskCanceledException: The operation was canceled. <- System.TimeoutException: The operation was canceled. <- System.Threading.Tasks.TaskCanceledException: The request was canceled due to the configured HttpClient.Timeout of 30 seconds elapsing.
> restart chatRP
[ citizen-server-impl] Stopping resource chatRP
[    c-scripting-core] Creating script environments for chatRP
[ citizen-server-impl] Started resource chatRP
> restart chatRP
[ citizen-server-impl] Stopping resource chatRP
[    c-scripting-core] Creating script environments for chatRP
[ citizen-server-impl] Started resource chatRP
[ citizen-server-impl] Server list query returned an error: System.Threading.Tasks.TaskCanceledException: The operation was canceled. <- System.TimeoutException: The operation was canceled. <- System.Threading.Tasks.TaskCanceledException: The request was canceled due to the configured HttpClient.Timeout of 30 seconds elapsing.
> restart chatRP
[ citizen-server-impl] Stopping resource chatRP
[    c-scripting-core] Creating script environments for chatRP
[ citizen-server-impl] Started resource chatRP
> restart chatRP
[ citizen-server-impl] Stopping resource chatRP
[    c-scripting-core] Creating script environments for chatRP
[ citizen-server-impl] Started resource chatRP
> restart chatRP
[ citizen-server-impl] Stopping resource chatRP
[    c-scripting-core] Creating script environments for chatRP
[38;5;73m[ citizen-server-impl] Started resource chatRP
[ citizen-server-impl] Server list query returned an error: System.Threading.Tasks.TaskCanceledException: The operation was canceled. <- System.TimeoutException: The operation was canceled. <- System.Threading.Tasks.TaskCanceledException: The request was canceled due to the configured HttpClient.Timeout of 30 seconds elapsing.
[38;5;199m[         script:chat] Yourgen: m,e
[ citizen-server-impl] Server list query returned an error: System.Threading.Tasks.TaskCanceledException: The operation was canceled. <- System.TimeoutException: The operation was canceled. <- System.Threading.Tasks.TaskCanceledException: The request was canceled due to the configured HttpClient.Timeout of 30 seconds elapsing.
[ citizen-server-impl] Server list query returned an error: System.Threading.Tasks.TaskCanceledException: The operation was canceled. <- System.TimeoutException: The operation was canceled. <- System.Threading.Tasks.TaskCanceledException: The request was canceled due to the configured HttpClient.Timeout of 30 seconds elapsing.
> restart chatRP
[ citizen-server-impl] Stopping resource chatRP
[    c-scripting-core] Creating script environments for chatRP
[ citizen-server-impl] Started resource chatRP
> restart chatRP
[38;5;73m[ citizen-server-impl] Stopping resource chatRP
[    c-scripting-core] Creating script environments for chatRP
[ citizen-server-impl] Started resource chatRP
[ citizen-server-impl] [91mServer list query returned an error: System.Threading.Tasks.TaskCanceledException: The operation was canceled. <- System.TimeoutException: The operation was canceled. <- System.Threading.Tasks.TaskCanceledException: The request was canceled due to the configured HttpClient.Timeout of 30 seconds elapsing.
> restart chatRP
[ citizen-server-impl] Stopping resource chatRP
[    c-scripting-core] Creating script environments for chatRP
[ citizen-server-impl] Started resource chatRP
[38;5;73m[ citizen-server-impl] Server list query returned an error: System.Threading.Tasks.TaskCanceledException: The operation was canceled. <- System.TimeoutException: The operation was canceled. <- System.Threading.Tasks.TaskCanceledException: The request was canceled due to the configured HttpClient.Timeout of 30 seconds elapsing.
[ citizen-server-impl] Server list query returned an error: System.Threading.Tasks.TaskCanceledException: The operation was canceled. <- System.TimeoutException: The operation was canceled. <- System.Threading.Tasks.TaskCanceledException: The request was canceled due to the configured HttpClient.Timeout of 30 seconds elapsing.
[ citizen-server-impl] Server list query returned an error: System.Threading.Tasks.TaskCanceledException: The operation was canceled. <- System.TimeoutException: The operation was canceled. <- System.Threading.Tasks.TaskCanceledException: The request was canceled due to the configured HttpClient.Timeout of 30 seconds elapsing.
[ citizen-server-impl] Server list query returned an error: System.Threading.Tasks.TaskCanceledException: The operation was canceled. <- System.TimeoutException: The operation was canceled. <- System.Threading.Tasks.TaskCanceledException: The request was canceled due to the configured HttpClient.Timeout of 30 seconds elapsing.
[ citizen-server-impl] Server list query returned an error: System.Threading.Tasks.TaskCanceledException: The operation was canceled. <- System.TimeoutException: The operation was canceled. <- System.Threading.Tasks.TaskCanceledException: The request was canceled due to the configured HttpClient.Timeout of 30 seconds elapsing.
[ citizen-server-impl] Server list query returned an error: System.Threading.Tasks.TaskCanceledException: The operation was canceled. <- System.TimeoutException: The operation was canceled. <- System.Threading.Tasks.TaskCanceledException: The request was canceled due to the configured HttpClient.Timeout of 30 seconds elapsing.
> restart chatRP
[ citizen-server-impl] Stopping resource chatRP
[    c-scripting-core] Creating script environments for chatRP
[ citizen-server-impl] Started resource chatRP
> restart chatRP
[ citizen-server-impl] Stopping resource chatRP
[    c-scripting-core] Creating script environments for chatRP
[ citizen-server-impl] Started resource chatRP
[ citizen-server-impl] Server list query returned an error: System.Threading.Tasks.TaskCanceledException: The operation was canceled. <- System.TimeoutException: The operation was canceled. <- System.Threading.Tasks.TaskCanceledException: The request was canceled due to the configured HttpClient.Timeout of 30 seconds elapsing.
[ citizen-server-impl] Server list query returned an error: System.Threading.Tasks.TaskCanceledException: The operation was canceled. <- System.TimeoutException: The operation was canceled. <- System.Threading.Tasks.TaskCanceledException: The request was canceled due to the configured HttpClient.Timeout of 30 seconds elapsing.
> restart chatRP
[ citizen-server-impl] Stopping resource chatRP
[    c-scripting-core] Creating script environments for chatRP
[ citizen-server-impl] Started resource chatRP
> restart chatRP
[ citizen-server-impl] Stopping resource chatRP
[    c-scripting-core] Creating script environments for chatRP
[ citizen-server-impl] Started resource chatRP
> quit "Server restarting (Yourgen)."
[ citizen-server-main] -> Quitting: Server restarting (Yourgen).

================================================================
======== FXServer Starting - 04.04.2022, 21:32:28               
================================================================
[    c-scripting-core] Creating script environments for _cfx_internal
[ citizen-server-impl] Scanning resources.
[    c-resources-core] Resource loading for mymode failed:
[    c-resources-core] Could not open resource metadata file - no such file.
[ citizen-server-impl] Found 32 resources.
[          svadhesive] Authenticating server license key...
[          svadhesive] Server license key authentication succeeded. Welcome!
[    c-scripting-core] Creating script environments for yarn
[ citizen-server-impl] Started resource yarn
[    c-scripting-core] Creating script environments for sessionmanager-rdr3
[ citizen-server-impl] Started resource sessionmanager-rdr3
[    c-scripting-core] Creating script environments for monitor
[      script:monitor] [txAdminClient] Version 4.11.0 starting...
[ citizen-server-impl] Started resource monitor
[ citizen-server-impl] Started resource spawnmanager
[    c-scripting-core] Creating script environments for mapmanager
[ citizen-server-impl] Started resource mapmanager
[   script:mapmanager] Started gametype Freeroam
[ citizen-server-impl] Started resource basic-gamemode
[    c-scripting-core] Creating script environments for webpack
[ citizen-server-impl] Started resource webpack
[    c-scripting-core] Creating script environments for chat
[ citizen-server-impl] Started resource chat
[    c-scripting-core] Creating script environments for mysql-async
[ citizen-server-impl] Started resource mysql-async
[    c-scripting-core] Creating script environments for id_user
[ citizen-server-impl] Started resource id_user
[    c-scripting-core] Creating script environments for chatRP
[ citizen-server-impl] Started resource chatRP
[  script:mysql-async] [mysql-async] [SUCCESS] Database server connection established.
[      script:monitor] [txAdminClient] Threads and commands set up. All Ready.
[   script:mapmanager] Started map redm-map-one
[ citizen-server-impl] Started resource redm-map-one
[ citizen-server-impl]         fff                          
[ citizen-server-impl]   cccc ff   xx  xx     rr rr    eee  
[ citizen-server-impl] cc     ffff   xx       rrr  r ee   e 
[ citizen-server-impl] cc     ff     xx   ... rr     eeeee  
[ citizen-server-impl]  ccccc ff   xx  xx ... rr      eeeee 
[ citizen-server-impl]                                      
[ citizen-server-impl] Authenticated with cfx.re Nucleus: https://danilakn-758b7a.users.cfx.re/
[ citizen-server-impl] -- [server notice: hostname_rework]
[ citizen-server-impl] You don't have sv_projectName/sv_projectDesc set.
[ citizen-server-impl] These variables augment sv_hostname and fix your server name being cut off in the server list.
[ citizen-server-impl] Use `sets sv_projectName ..` and `sets sv_projectDesc ..` to set them.
[ citizen-server-impl] 
[ citizen-server-impl] [0m-- [server notice: tebex_not_set]
[ citizen-server-impl] ================
[ citizen-server-impl] Monetize your server using Tebex! Visit https://tebex.io/fivem for more info.
[ citizen-server-impl] ================
[ citizen-server-impl] 
[ citizen-server-impl] A client has tried to authenticate using Steam, but `steam_webApiKey` is unset. Please set steam_webApiKey to a Steam Web API key as registered on Valve's https://steamcommunity.com/dev/apikey web page. Steam identifier information will be unavailable otherwise.
[ citizen-server-impl] To suppress this message, `set steam_webApiKey "none"`.
[      script:id_user] fivem:3653355
[      script:id_user] nil	nil
[      script:id_user] 1
[ citizen-server-impl] Server list query returned an error: System.Threading.Tasks.TaskCanceledException: The operation was canceled. <- System.TimeoutException: The operation was canceled. <- System.Threading.Tasks.TaskCanceledException: The request was canceled due to the configured HttpClient.Timeout of 30 seconds elapsing.
> txaReportResources
[      script:monitor] [txAdminClient] Sending resources list to txAdmin.
[ citizen-server-impl] Server list query returned an error: System.Threading.Tasks.TaskCanceledException: The operation was canceled. <- System.TimeoutException: The operation was canceled. <- System.Threading.Tasks.TaskCanceledException: The request was canceled due to the configured HttpClient.Timeout of 30 seconds elapsing.
[ citizen-server-impl] Server list query returned an error: System.Threading.Tasks.TaskCanceledException: The operation was canceled. <- System.TimeoutException: The operation was canceled. <- System.Threading.Tasks.TaskCanceledException: The request was canceled due to the configured HttpClient.Timeout of 30 seconds elapsing.
[ citizen-server-impl] Server list query returned an error: System.Threading.Tasks.TaskCanceledException: The operation was canceled. <- System.TimeoutException: The operation was canceled. <- System.Threading.Tasks.TaskCanceledException: The request was canceled due to the configured HttpClient.Timeout of 30 seconds elapsing.
[ citizen-server-impl] Server list query returned an error: System.Threading.Tasks.TaskCanceledException: The operation was canceled. <- System.TimeoutException: The operation was canceled. <- System.Threading.Tasks.TaskCanceledException: The request was canceled due to the configured HttpClient.Timeout of 30 seconds elapsing.
> ensure "chatRP"
[ citizen-server-impl] Stopping resource chatRP
[    c-scripting-core] Creating script environments for chatRP
[ citizen-server-impl] Started resource chatRP
> txaReportResources
[      script:monitor] [txAdminClient] Sending resources list to txAdmin.
[ citizen-server-impl] Server list query returned an error: System.Threading.Tasks.TaskCanceledException: The operation was canceled. <- System.TimeoutException: The operation was canceled. <- System.Threading.Tasks.TaskCanceledException: The request was canceled due to the configured HttpClient.Timeout of 30 seconds elapsing.
> ensure "chatRP"
[ citizen-server-impl] Stopping resource chatRP
[    c-scripting-core] Creating script environments for chatRP
[ citizen-server-impl] Started resource chatRP
> txaReportResources
[      script:monitor] [txAdminClient] Sending resources list to txAdmin.
> ensure "chatRP"
[ citizen-server-impl] Stopping resource chatRP
[    c-scripting-core] Creating script environments for chatRP
[ citizen-server-impl] Started resource chatRP
> txaReportResources
[      script:monitor] [txAdminClient] Sending resources list to txAdmin.
[       script:chatRP] 1
[ citizen-server-impl] Server list query returned an error: System.Threading.Tasks.TaskCanceledException: The operation was canceled. <- System.TimeoutException: The operation was canceled. <- System.Threading.Tasks.TaskCanceledException: The request was canceled due to the configured HttpClient.Timeout of 30 seconds elapsing.
[ citizen-server-impl] Server list query returned an error: System.Threading.Tasks.TaskCanceledException: The operation was canceled. <- System.TimeoutException: The operation was canceled. <- System.Threading.Tasks.TaskCanceledException: The request was canceled due to the configured HttpClient.Timeout of 30 seconds elapsing.
[ citizen-server-impl] A client has tried to authenticate using Steam, but `steam_webApiKey` is unset. Please set steam_webApiKey to a Steam Web API key as registered on Valve's https://steamcommunity.com/dev/apikey web page. Steam identifier information will be unavailable otherwise.
[ citizen-server-impl] To suppress this message, `set steam_webApiKey "none"`.
[      script:id_user] fivem:3653355
[      script:id_user] nil	nil
[      script:id_user] 1
[ citizen-server-impl] Server list query returned an error: System.Threading.Tasks.TaskCanceledException: The operation was canceled. <- System.TimeoutException: The operation was canceled. <- System.Threading.Tasks.TaskCanceledException: The request was canceled due to the configured HttpClient.Timeout of 30 seconds elapsing.
[       script:chatRP] 2
[ citizen-server-impl] Server list query returned an error: System.Threading.Tasks.TaskCanceledException: The operation was canceled. <- System.TimeoutException: The operation was canceled. <- System.Threading.Tasks.TaskCanceledException: The request was canceled due to the configured HttpClient.Timeout of 30 seconds elapsing.
[ citizen-server-impl] Server list query returned an error: System.Threading.Tasks.TaskCanceledException: The operation was canceled. <- System.TimeoutException: The operation was canceled. <- System.Threading.Tasks.TaskCanceledException: The request was canceled due to the configured HttpClient.Timeout of 30 seconds elapsing.
[ citizen-server-impl] Server list query returned an error: System.Threading.Tasks.TaskCanceledException: The operation was canceled. <- System.TimeoutException: The operation was canceled. <- System.Threading.Tasks.TaskCanceledException: The request was canceled due to the configured HttpClient.Timeout of 30 seconds elapsing.
[ citizen-server-impl] Server list query returned an error: System.Threading.Tasks.TaskCanceledException: The operation was canceled. <- System.TimeoutException: The operation was canceled. <- System.Threading.Tasks.TaskCanceledException: The request was canceled due to the configured HttpClient.Timeout of 30 seconds elapsing.
[ citizen-server-impl] Server list query returned an error: System.Threading.Tasks.TaskCanceledException: The operation was canceled. <- System.TimeoutException: The operation was canceled. <- System.Threading.Tasks.TaskCanceledException: The request was canceled due to the configured HttpClient.Timeout of 30 seconds elapsing.
> quit "Server shutting down (Yourgen)."
[ citizen-server-main] -> Quitting: Server shutting down (Yourgen).
