
================================================================
======== txAdmin Starting - 04.04.2022, 19:20:55                
================================================================

================================================================
======== Log Rotated - 04.04.2022, 19:20:55                     
================================================================
[19:21:06] txAdmin: Logger started
[19:35:30] [3mdrL#1] Yourgen: joined with identifiers [license:25b268b8d65db2b251684f941d1a0a46ce62214b; xbl:2533274872537015; live:844427560424468; discord:282158122175561728; fivem:3653355; license2:25b268b8d65db2b251684f941d1a0a46ce62214b]
[19:37:50] [3mdrL#1] Yourgen: disconnected
[19:50:22] [3mdrL#2] Yourgen: joined with identifiers [license:25b268b8d65db2b251684f941d1a0a46ce62214b; xbl:2533274872537015; live:844427560424468; discord:282158122175561728; fivem:3653355; license2:25b268b8d65db2b251684f941d1a0a46ce62214b]
[19:55:11] [3mdrL#2] Yourgen: disconnected
[20:07:50] [3mdrL#3] Yourgen: joined with identifiers [license:25b268b8d65db2b251684f941d1a0a46ce62214b; xbl:2533274872537015; live:844427560424468; discord:282158122175561728; fivem:3653355; license2:25b268b8d65db2b251684f941d1a0a46ce62214b]
[20:12:28] [3mdrL#3] Yourgen: disconnected
[20:12:45] txAdmin: Logger started
[20:18:02] [aLpBj#1] Yourgen: joined with identifiers [license:25b268b8d65db2b251684f941d1a0a46ce62214b; xbl:2533274872537015; live:844427560424468; discord:282158122175561728; fivem:3653355; license2:25b268b8d65db2b251684f941d1a0a46ce62214b]
[20:36:39] [aLpBj#1] Yourgen: said "/wth"
[20:36:43] [aLpBj#1] Yourgen: said "kxcjklxhvclo"
[20:57:29] [aLpBj#1] Yourgen: said "m,e"
[21:24:37] [aLpBj#1] Yourgen: said "/me wow amazing"
[21:25:07] [aLpBj#1] Yourgen: said "/me wow amazing"
[21:25:31] [aLpBj#1] Yourgen: said "/me asdkf"
[21:25:39] [aLpBj#1] Yourgen: said "/me asdkjfkldjhvcx"
[21:31:45] [aLpBj#1] Yourgen: said "/mef"
[21:32:26] [aLpBj#1] Yourgen: disconnected
[21:32:30] txAdmin: Logger started
[21:34:09] [KQT4B#1] Yourgen: joined with identifiers [license:25b268b8d65db2b251684f941d1a0a46ce62214b; xbl:2533274872537015; live:844427560424468; discord:282158122175561728; fivem:3653355; license2:25b268b8d65db2b251684f941d1a0a46ce62214b]
[21:52:37] [KQT4B#1] Yourgen: disconnected
[21:55:20] [KQT4B#2] Yourgen: joined with identifiers [license:25b268b8d65db2b251684f941d1a0a46ce62214b; xbl:2533274872537015; live:844427560424468; discord:282158122175561728; fivem:3653355; license2:25b268b8d65db2b251684f941d1a0a46ce62214b]
