
================================================================
======== txAdmin Starting - 10.04.2022, 14:02:45                
================================================================

================================================================
======== Log Rotated - 10.04.2022, 14:02:45                     
================================================================
[14:02:56] txAdmin: Logger started
[14:15:27] [QxzUk#1] Yourgen: joined with identifiers [license:25b268b8d65db2b251684f941d1a0a46ce62214b; xbl:2533274872537015; live:844427560424468; discord:282158122175561728; fivem:3653355; license2:25b268b8d65db2b251684f941d1a0a46ce62214b]
[14:18:42] [QxzUk#1] Yourgen: disconnected
[14:23:29] [QxzUk#2] Yourgen: joined with identifiers [license:25b268b8d65db2b251684f941d1a0a46ce62214b; xbl:2533274872537015; live:844427560424468; discord:282158122175561728; fivem:3653355; license2:25b268b8d65db2b251684f941d1a0a46ce62214b]
[14:27:13] [QxzUk#2] Yourgen: said "sadffvxc"
[15:16:29] [QxzUk#2] Yourgen: disconnected
[15:18:48] [QxzUk#3] Yourgen: joined with identifiers [license:25b268b8d65db2b251684f941d1a0a46ce62214b; xbl:2533274872537015; live:844427560424468; discord:282158122175561728; fivem:3653355; license2:25b268b8d65db2b251684f941d1a0a46ce62214b]
[15:21:08] [QxzUk#3] Yourgen: disconnected
[20:08:43] [QxzUk#4] Yourgen: joined with identifiers [license:25b268b8d65db2b251684f941d1a0a46ce62214b; xbl:2533274872537015; live:844427560424468; discord:282158122175561728; fivem:3653355; license2:25b268b8d65db2b251684f941d1a0a46ce62214b]
[20:11:20] [QxzUk#4] Yourgen: disconnected
[20:13:38] [QxzUk#5] Yourgen: joined with identifiers [license:25b268b8d65db2b251684f941d1a0a46ce62214b; xbl:2533274872537015; live:844427560424468; discord:282158122175561728; fivem:3653355; license2:25b268b8d65db2b251684f941d1a0a46ce62214b]
[20:16:00] [QxzUk#5] Yourgen: disconnected
[20:25:38] [QxzUk#6] Yourgen: joined with identifiers [license:25b268b8d65db2b251684f941d1a0a46ce62214b; xbl:2533274872537015; live:844427560424468; discord:282158122175561728; fivem:3653355; license2:25b268b8d65db2b251684f941d1a0a46ce62214b]
[20:32:58] [QxzUk#6] Yourgen: disconnected
[20:44:50] [QxzUk#7] Yourgen: joined with identifiers [license:25b268b8d65db2b251684f941d1a0a46ce62214b; xbl:2533274872537015; live:844427560424468; discord:282158122175561728; fivem:3653355; license2:25b268b8d65db2b251684f941d1a0a46ce62214b]
[20:54:06] [QxzUk#7] Yourgen: disconnected
[20:57:53] [QxzUk#8] Yourgen: joined with identifiers [license:25b268b8d65db2b251684f941d1a0a46ce62214b; xbl:2533274872537015; live:844427560424468; discord:282158122175561728; fivem:3653355; license2:25b268b8d65db2b251684f941d1a0a46ce62214b]
[21:11:55] [QxzUk#8] Yourgen: disconnected
[21:14:38] [QxzUk#9] Yourgen: joined with identifiers [license:25b268b8d65db2b251684f941d1a0a46ce62214b; xbl:2533274872537015; live:844427560424468; discord:282158122175561728; fivem:3653355; license2:25b268b8d65db2b251684f941d1a0a46ce62214b]
[21:18:23] [QxzUk#9] Yourgen: disconnected

================================================================
======== txAdmin Starting - 10.04.2022, 21:23:47                
================================================================
[21:23:55] txAdmin: Logger started
[21:28:37] [dMCYm#1] Yourgen: joined with identifiers [license:25b268b8d65db2b251684f941d1a0a46ce62214b; xbl:2533274872537015; live:844427560424468; discord:282158122175561728; fivem:3653355; license2:25b268b8d65db2b251684f941d1a0a46ce62214b]
[21:30:00] [dMCYm#1] Yourgen: disconnected
[21:30:32] [dMCYm#2] Yourgen: joined with identifiers [license:25b268b8d65db2b251684f941d1a0a46ce62214b; xbl:2533274872537015; live:844427560424468; discord:282158122175561728; fivem:3653355; license2:25b268b8d65db2b251684f941d1a0a46ce62214b]
[21:32:47] [dMCYm#2] Yourgen: disconnected
[21:34:10] [dMCYm#3] Yourgen: joined with identifiers [license:25b268b8d65db2b251684f941d1a0a46ce62214b; xbl:2533274872537015; live:844427560424468; discord:282158122175561728; fivem:3653355; license2:25b268b8d65db2b251684f941d1a0a46ce62214b]
[21:51:30] [dMCYm#3] Yourgen: disconnected
[21:53:38] [dMCYm#4] Yourgen: joined with identifiers [license:25b268b8d65db2b251684f941d1a0a46ce62214b; xbl:2533274872537015; live:844427560424468; discord:282158122175561728; fivem:3653355; license2:25b268b8d65db2b251684f941d1a0a46ce62214b]
[21:57:11] [dMCYm#4] Yourgen: disconnected

================================================================
======== txAdmin Starting - 10.04.2022, 23:14:26                
================================================================
[23:14:29] txAdmin: Logger started

================================================================
======== txAdmin Starting - 10.04.2022, 23:18:06                
================================================================
[23:18:09] txAdmin: Logger started
[23:19:55] [rxpq9#1] Yourgen: joined with identifiers [license:25b268b8d65db2b251684f941d1a0a46ce62214b; xbl:2533274872537015; live:844427560424468; discord:282158122175561728; fivem:3653355; license2:25b268b8d65db2b251684f941d1a0a46ce62214b]
[23:22:39] [rxpq9#1] Yourgen: disconnected
[23:23:19] [rxpq9#2] Yourgen: joined with identifiers [license:25b268b8d65db2b251684f941d1a0a46ce62214b; xbl:2533274872537015; live:844427560424468; discord:282158122175561728; fivem:3653355; license2:25b268b8d65db2b251684f941d1a0a46ce62214b]
[23:33:21] [rxpq9#2] Yourgen: disconnected
