
================================================================
======== txAdmin Starting - 25.03.2022, 12:05:03                
================================================================

================================================================
======== Log Rotated - 25.03.2022, 12:05:03                     
================================================================
[12:05:14] txAdmin: Logger started

================================================================
======== txAdmin Starting - 25.03.2022, 12:06:45                
================================================================
[12:06:48] txAdmin: Logger started
[12:19:19] [bUNYi#1] Yourgen: joined with identifiers [license:25b268b8d65db2b251684f941d1a0a46ce62214b; xbl:2533274872537015; live:844427560424468; discord:282158122175561728; fivem:3653355; license2:25b268b8d65db2b251684f941d1a0a46ce62214b]
[12:20:35] [bUNYi#1] Yourgen: disconnected
[12:24:13] [bUNYi#2] Yourgen: joined with identifiers [license:25b268b8d65db2b251684f941d1a0a46ce62214b; xbl:2533274872537015; live:844427560424468; discord:282158122175561728; fivem:3653355; license2:25b268b8d65db2b251684f941d1a0a46ce62214b]
[12:26:59] [bUNYi#2] Yourgen: disconnected
[12:35:03] txAdmin: Logger started
[12:35:56] [qRgjG#1] Yourgen: joined with identifiers [license:25b268b8d65db2b251684f941d1a0a46ce62214b; xbl:2533274872537015; live:844427560424468; discord:282158122175561728; fivem:3653355; license2:25b268b8d65db2b251684f941d1a0a46ce62214b]
[12:37:03] [qRgjG#1] Yourgen: disconnected
[12:38:47] [qRgjG#2] Yourgen: joined with identifiers [license:25b268b8d65db2b251684f941d1a0a46ce62214b; xbl:2533274872537015; live:844427560424468; discord:282158122175561728; fivem:3653355; license2:25b268b8d65db2b251684f941d1a0a46ce62214b]
[12:41:58] [qRgjG#2] Yourgen: disconnected
[12:45:56] [qRgjG#3] Yourgen: joined with identifiers [license:25b268b8d65db2b251684f941d1a0a46ce62214b; xbl:2533274872537015; live:844427560424468; discord:282158122175561728; fivem:3653355; license2:25b268b8d65db2b251684f941d1a0a46ce62214b]
[12:47:12] [qRgjG#3] Yourgen: disconnected
[12:49:30] [qRgjG#4] Yourgen: joined with identifiers [license:25b268b8d65db2b251684f941d1a0a46ce62214b; xbl:2533274872537015; live:844427560424468; discord:282158122175561728; fivem:3653355; license2:25b268b8d65db2b251684f941d1a0a46ce62214b]
[12:51:30] [qRgjG#4] Yourgen: disconnected
[13:02:12] [qRgjG#5] Yourgen: joined with identifiers [license:25b268b8d65db2b251684f941d1a0a46ce62214b; xbl:2533274872537015; live:844427560424468; discord:282158122175561728; fivem:3653355; license2:25b268b8d65db2b251684f941d1a0a46ce62214b]
[13:05:20] [qRgjG#5] Yourgen: disconnected
[13:10:01] [qRgjG#6] Yourgen: joined with identifiers [license:25b268b8d65db2b251684f941d1a0a46ce62214b; xbl:2533274872537015; live:844427560424468; discord:282158122175561728; fivem:3653355; license2:25b268b8d65db2b251684f941d1a0a46ce62214b]
[13:12:28] [qRgjG#6] Yourgen: disconnected
[13:26:37] [qRgjG#7] Yourgen: joined with identifiers [license:25b268b8d65db2b251684f941d1a0a46ce62214b; xbl:2533274872537015; live:844427560424468; discord:282158122175561728; fivem:3653355; license2:25b268b8d65db2b251684f941d1a0a46ce62214b]
[13:27:47] [qRgjG#7] Yourgen: disconnected
[13:31:30] [qRgjG#8] Yourgen: joined with identifiers [license:25b268b8d65db2b251684f941d1a0a46ce62214b; xbl:2533274872537015; live:844427560424468; discord:282158122175561728; fivem:3653355; license2:25b268b8d65db2b251684f941d1a0a46ce62214b]
[13:32:41] [qRgjG#8] Yourgen: disconnected

================================================================
======== txAdmin Starting - 25.03.2022, 20:36:33                
================================================================
[20:36:37] txAdmin: Logger started
[20:44:51] [rm9Dn#1] Yourgen: joined with identifiers [license:25b268b8d65db2b251684f941d1a0a46ce62214b; xbl:2533274872537015; live:844427560424468; discord:282158122175561728; fivem:3653355; license2:25b268b8d65db2b251684f941d1a0a46ce62214b]
[20:46:49] [rm9Dn#1] Yourgen: disconnected
[20:49:49] [rm9Dn#2] Yourgen: joined with identifiers [license:25b268b8d65db2b251684f941d1a0a46ce62214b; xbl:2533274872537015; live:844427560424468; discord:282158122175561728; fivem:3653355; license2:25b268b8d65db2b251684f941d1a0a46ce62214b]
[20:50:23] [rm9Dn#2] Yourgen: disconnected
[20:51:01] [rm9Dn#3] Yourgen: joined with identifiers [license:25b268b8d65db2b251684f941d1a0a46ce62214b; xbl:2533274872537015; live:844427560424468; discord:282158122175561728; fivem:3653355; license2:25b268b8d65db2b251684f941d1a0a46ce62214b]
[20:51:57] [rm9Dn#3] Yourgen: disconnected
[20:55:28] [rm9Dn#4] Yourgen: joined with identifiers [license:25b268b8d65db2b251684f941d1a0a46ce62214b; xbl:2533274872537015; live:844427560424468; discord:282158122175561728; fivem:3653355; license2:25b268b8d65db2b251684f941d1a0a46ce62214b]
[21:00:28] [rm9Dn#4] Yourgen: disconnected
[21:08:41] [rm9Dn#5] Yourgen: joined with identifiers [license:25b268b8d65db2b251684f941d1a0a46ce62214b; xbl:2533274872537015; live:844427560424468; discord:282158122175561728; fivem:3653355; license2:25b268b8d65db2b251684f941d1a0a46ce62214b]
[21:10:25] [rm9Dn#5] Yourgen: disconnected
[21:13:08] [rm9Dn#6] Yourgen: joined with identifiers [license:25b268b8d65db2b251684f941d1a0a46ce62214b; xbl:2533274872537015; live:844427560424468; discord:282158122175561728; fivem:3653355; license2:25b268b8d65db2b251684f941d1a0a46ce62214b]
[21:16:43] [rm9Dn#6] Yourgen: disconnected
[21:19:56] [rm9Dn#7] Yourgen: joined with identifiers [license:25b268b8d65db2b251684f941d1a0a46ce62214b; xbl:2533274872537015; live:844427560424468; discord:282158122175561728; fivem:3653355; license2:25b268b8d65db2b251684f941d1a0a46ce62214b]
[21:22:12] [rm9Dn#7] Yourgen: disconnected
[21:23:13] [rm9Dn#8] Yourgen: joined with identifiers [license:25b268b8d65db2b251684f941d1a0a46ce62214b; xbl:2533274872537015; live:844427560424468; discord:282158122175561728; fivem:3653355; license2:25b268b8d65db2b251684f941d1a0a46ce62214b]
[21:25:33] [rm9Dn#8] Yourgen: disconnected
[21:26:22] [rm9Dn#9] Yourgen: joined with identifiers [license:25b268b8d65db2b251684f941d1a0a46ce62214b; xbl:2533274872537015; live:844427560424468; discord:282158122175561728; fivem:3653355; license2:25b268b8d65db2b251684f941d1a0a46ce62214b]
[21:28:18] [rm9Dn#9] Yourgen: disconnected
[21:34:25] [rm9Dn#10] Yourgen: joined with identifiers [license:25b268b8d65db2b251684f941d1a0a46ce62214b; xbl:2533274872537015; live:844427560424468; discord:282158122175561728; fivem:3653355; license2:25b268b8d65db2b251684f941d1a0a46ce62214b]
[21:35:50] [rm9Dn#10] Yourgen: disconnected
[21:46:54] [rm9Dn#11] Yourgen: joined with identifiers [license:25b268b8d65db2b251684f941d1a0a46ce62214b; xbl:2533274872537015; live:844427560424468; discord:282158122175561728; fivem:3653355; license2:25b268b8d65db2b251684f941d1a0a46ce62214b]
[21:48:26] [rm9Dn#11] Yourgen: disconnected
