
================================================================
======== txAdmin Starting - 15.01.2022, 11:58:26                
================================================================

================================================================
======== Log Rotated - 15.01.2022, 11:58:27                     
================================================================
[11:58:36] txAdmin: Logger started

================================================================
======== txAdmin Starting - 15.01.2022, 12:13:29                
================================================================
[12:13:36] txAdmin: Logger started

================================================================
======== txAdmin Starting - 15.01.2022, 12:30:40                
================================================================
[12:30:50] txAdmin: Logger started
[12:34:01] [wCAVL#1] Yourgen: joined with identifiers [license:25b268b8d65db2b251684f941d1a0a46ce62214b; xbl:2533274872537015; live:844427560424468; fivem:3653355; license2:25b268b8d65db2b251684f941d1a0a46ce62214b]
[12:35:26] [wCAVL#1] Yourgen: said "hey"
[12:36:01] [wCAVL#1] Yourgen: enabled noclip
[12:36:11] [wCAVL#1] Yourgen: became mortal (standard mode)
[12:37:45] [wCAVL#1] Yourgen: made a server-wide announcement: Restart now
[12:38:10] [wCAVL#1] Yourgen: healed themself
[12:39:02] [wCAVL#1] Yourgen: enabled god mode
[12:40:35] [wCAVL#1] Yourgen: became mortal (standard mode)
