
================================================================
======== txAdmin Starting - 02.04.2022, 20:22:24                
================================================================

================================================================
======== Log Rotated - 02.04.2022, 20:22:25                     
================================================================
[20:22:32] txAdmin: Logger started
[20:31:53] [H99WX#1] Yourgen: joined with identifiers [license:25b268b8d65db2b251684f941d1a0a46ce62214b; xbl:2533274872537015; live:844427560424468; discord:282158122175561728; fivem:3653355; license2:25b268b8d65db2b251684f941d1a0a46ce62214b]
[20:39:20] [H99WX#1] Yourgen: disconnected
[20:44:17] [H99WX#2] Yourgen: joined with identifiers [license:25b268b8d65db2b251684f941d1a0a46ce62214b; xbl:2533274872537015; live:844427560424468; discord:282158122175561728; fivem:3653355; license2:25b268b8d65db2b251684f941d1a0a46ce62214b]
[20:46:08] [H99WX#2] Yourgen: disconnected
[20:48:59] [H99WX#3] Yourgen: joined with identifiers [license:25b268b8d65db2b251684f941d1a0a46ce62214b; xbl:2533274872537015; live:844427560424468; discord:282158122175561728; fivem:3653355; license2:25b268b8d65db2b251684f941d1a0a46ce62214b]
[20:51:47] [H99WX#3] Yourgen: disconnected
[20:56:41] [H99WX#4] Yourgen: joined with identifiers [license:25b268b8d65db2b251684f941d1a0a46ce62214b; xbl:2533274872537015; live:844427560424468; discord:282158122175561728; fivem:3653355; license2:25b268b8d65db2b251684f941d1a0a46ce62214b]
[21:02:52] [H99WX#4] Yourgen: disconnected
[21:21:02] [H99WX#5] Yourgen: joined with identifiers [license:25b268b8d65db2b251684f941d1a0a46ce62214b; xbl:2533274872537015; live:844427560424468; discord:282158122175561728; fivem:3653355; license2:25b268b8d65db2b251684f941d1a0a46ce62214b]
[21:24:08] [H99WX#5] Yourgen: disconnected
[21:30:16] [H99WX#6] Yourgen: joined with identifiers [license:25b268b8d65db2b251684f941d1a0a46ce62214b; xbl:2533274872537015; live:844427560424468; discord:282158122175561728; fivem:3653355; license2:25b268b8d65db2b251684f941d1a0a46ce62214b]
[21:37:28] [H99WX#6] Yourgen: died from suicide
[21:48:56] [H99WX#6] Yourgen: disconnected
[21:52:40] [H99WX#7] Yourgen: joined with identifiers [license:25b268b8d65db2b251684f941d1a0a46ce62214b; xbl:2533274872537015; live:844427560424468; discord:282158122175561728; fivem:3653355; license2:25b268b8d65db2b251684f941d1a0a46ce62214b]
[21:53:34] [H99WX#7] Yourgen: disconnected
[21:56:13] [H99WX#8] Yourgen: joined with identifiers [license:25b268b8d65db2b251684f941d1a0a46ce62214b; xbl:2533274872537015; live:844427560424468; discord:282158122175561728; fivem:3653355; license2:25b268b8d65db2b251684f941d1a0a46ce62214b]
[21:57:06] [H99WX#8] Yourgen: disconnected
[22:01:32] [H99WX#9] Yourgen: joined with identifiers [license:25b268b8d65db2b251684f941d1a0a46ce62214b; xbl:2533274872537015; live:844427560424468; discord:282158122175561728; fivem:3653355; license2:25b268b8d65db2b251684f941d1a0a46ce62214b]
[22:06:27] [H99WX#9] Yourgen: disconnected
[22:29:58] [H99WX#10] Yourgen: joined with identifiers [license:25b268b8d65db2b251684f941d1a0a46ce62214b; xbl:2533274872537015; live:844427560424468; discord:282158122175561728; fivem:3653355; license2:25b268b8d65db2b251684f941d1a0a46ce62214b]
[22:37:28] [H99WX#10] Yourgen: disconnected
[22:44:59] [H99WX#11] Yourgen: joined with identifiers [license:25b268b8d65db2b251684f941d1a0a46ce62214b; xbl:2533274872537015; live:844427560424468; discord:282158122175561728; fivem:3653355; license2:25b268b8d65db2b251684f941d1a0a46ce62214b]
[22:47:39] [H99WX#11] Yourgen: disconnected
[22:54:19] [H99WX#12] Yourgen: joined with identifiers [license:25b268b8d65db2b251684f941d1a0a46ce62214b; xbl:2533274872537015; live:844427560424468; discord:282158122175561728; fivem:3653355; license2:25b268b8d65db2b251684f941d1a0a46ce62214b]
[23:05:21] [H99WX#12] Yourgen: disconnected
[23:07:15] [H99WX#13] Yourgen: joined with identifiers [license:25b268b8d65db2b251684f941d1a0a46ce62214b; xbl:2533274872537015; live:844427560424468; discord:282158122175561728; fivem:3653355; license2:25b268b8d65db2b251684f941d1a0a46ce62214b]
[23:11:09] [H99WX#13] Yourgen: disconnected
[23:13:06] [H99WX#14] Yourgen: joined with identifiers [license:25b268b8d65db2b251684f941d1a0a46ce62214b; xbl:2533274872537015; live:844427560424468; discord:282158122175561728; fivem:3653355; license2:25b268b8d65db2b251684f941d1a0a46ce62214b]
[23:14:53] [H99WX#14] Yourgen: died from suicide
[23:16:31] [H99WX#14] Yourgen: disconnected
[23:18:09] [H99WX#15] Yourgen: joined with identifiers [license:25b268b8d65db2b251684f941d1a0a46ce62214b; xbl:2533274872537015; live:844427560424468; discord:282158122175561728; fivem:3653355; license2:25b268b8d65db2b251684f941d1a0a46ce62214b]
[23:21:11] [H99WX#15] Yourgen: died from suicide (Fist)
[23:23:12] [H99WX#15] Yourgen: disconnected
[23:24:37] [H99WX#16] Yourgen: joined with identifiers [license:25b268b8d65db2b251684f941d1a0a46ce62214b; xbl:2533274872537015; live:844427560424468; discord:282158122175561728; fivem:3653355; license2:25b268b8d65db2b251684f941d1a0a46ce62214b]
[23:28:08] [H99WX#16] Yourgen: disconnected
[23:28:54] [H99WX#17] Yourgen: joined with identifiers [license:25b268b8d65db2b251684f941d1a0a46ce62214b; xbl:2533274872537015; live:844427560424468; discord:282158122175561728; fivem:3653355; license2:25b268b8d65db2b251684f941d1a0a46ce62214b]
